2026-02-28 11:01:38,154	[INFO]	(client.py:162)_bot_login	[botpy] 登录机器人账号中...
2026-02-28 11:01:38,270	[INFO]	(robot.py:65)update_access_token	[botpy] access_token expires_in 7067
2026-02-28 11:01:38,378	[ERROR]	(http.py:76)_handle_response	[botpy] 接口请求异常，请求连接: https://api.sgroup.qq.com/users/@me, 错误代码: 401, 返回内容: {'message': '接口访问源IP不在白名单', 'code': 11298, 'err_code': 40023002, 'trace_id': 'bb537a5c39c9f70bd686dd00c3a9f608'}, trace_id:bb537a5c39c9f70bd686dd00c3a9f608
2026-02-28 11:01:43,402	[INFO]	(client.py:162)_bot_login	[botpy] 登录机器人账号中...
2026-02-28 11:01:43,484	[INFO]	(robot.py:65)update_access_token	[botpy] access_token expires_in 7062
2026-02-28 11:01:43,586	[ERROR]	(http.py:76)_handle_response	[botpy] 接口请求异常，请求连接: https://api.sgroup.qq.com/users/@me, 错误代码: 401, 返回内容: {'message': '接口访问源IP不在白名单', 'code': 11298, 'err_code': 40023002, 'trace_id': '41227d75155eaca9a705b402604f96ba'}, trace_id:41227d75155eaca9a705b402604f96ba
2026-02-28 11:01:48,595	[INFO]	(client.py:162)_bot_login	[botpy] 登录机器人账号中...
2026-02-28 11:01:48,665	[INFO]	(robot.py:65)update_access_token	[botpy] access_token expires_in 7057
2026-02-28 11:01:49,042	[ERROR]	(http.py:76)_handle_response	[botpy] 接口请求异常，请求连接: https://api.sgroup.qq.com/users/@me, 错误代码: 401, 返回内容: {'message': '接口访问源IP不在白名单', 'code': 11298, 'err_code': 40023002, 'trace_id': '098acea542e5d49a22bb77b4b54c97c4'}, trace_id:098acea542e5d49a22bb77b4b54c97c4
2026-02-28 11:01:54,050	[INFO]	(client.py:162)_bot_login	[botpy] 登录机器人账号中...
2026-02-28 11:01:54,130	[INFO]	(robot.py:65)update_access_token	[botpy] access_token expires_in 7051
2026-02-28 11:01:54,400	[ERROR]	(http.py:76)_handle_response	[botpy] 接口请求异常，请求连接: https://api.sgroup.qq.com/users/@me, 错误代码: 401, 返回内容: {'message': '接口访问源IP不在白名单', 'code': 11298, 'err_code': 40023002, 'trace_id': 'ddbdbb26575e83e5e766b3e6a602e36a'}, trace_id:ddbdbb26575e83e5e766b3e6a602e36a
2026-02-28 11:01:59,400	[INFO]	(client.py:162)_bot_login	[botpy] 登录机器人账号中...
2026-02-28 11:01:59,477	[INFO]	(robot.py:65)update_access_token	[botpy] access_token expires_in 7046
2026-02-28 11:01:59,551	[ERROR]	(http.py:76)_handle_response	[botpy] 接口请求异常，请求连接: https://api.sgroup.qq.com/users/@me, 错误代码: 401, 返回内容: {'message': '接口访问源IP不在白名单', 'code': 11298, 'err_code': 40023002, 'trace_id': '4229cf19e39de81faca57cd340f902b9'}, trace_id:4229cf19e39de81faca57cd340f902b9
2026-02-28 11:02:04,576	[INFO]	(client.py:162)_bot_login	[botpy] 登录机器人账号中...
2026-02-28 11:02:04,648	[INFO]	(robot.py:65)update_access_token	[botpy] access_token expires_in 7041
2026-02-28 11:02:04,731	[ERROR]	(http.py:76)_handle_response	[botpy] 接口请求异常，请求连接: https://api.sgroup.qq.com/users/@me, 错误代码: 401, 返回内容: {'message': '接口访问源IP不在白名单', 'code': 11298, 'err_code': 40023002, 'trace_id': '5e14dff642dcfbccc154215841220585'}, trace_id:5e14dff642dcfbccc154215841220585
2026-02-28 11:02:09,735	[INFO]	(client.py:162)_bot_login	[botpy] 登录机器人账号中...
2026-02-28 11:02:09,830	[INFO]	(robot.py:65)update_access_token	[botpy] access_token expires_in 7036
2026-02-28 11:02:10,105	[ERROR]	(http.py:76)_handle_response	[botpy] 接口请求异常，请求连接: https://api.sgroup.qq.com/users/@me, 错误代码: 401, 返回内容: {'message': '接口访问源IP不在白名单', 'code': 11298, 'err_code': 40023002, 'trace_id': '2ab9c6248f01ba63abccbb41abdf99d6'}, trace_id:2ab9c6248f01ba63abccbb41abdf99d6
2026-02-28 11:02:15,109	[INFO]	(client.py:162)_bot_login	[botpy] 登录机器人账号中...
2026-02-28 11:02:15,182	[INFO]	(robot.py:65)update_access_token	[botpy] access_token expires_in 7030
2026-02-28 11:02:15,485	[ERROR]	(http.py:76)_handle_response	[botpy] 接口请求异常，请求连接: https://api.sgroup.qq.com/users/@me, 错误代码: 401, 返回内容: {'message': '接口访问源IP不在白名单', 'code': 11298, 'err_code': 40023002, 'trace_id': '36af20087e9843aeac30d91d927a9926'}, trace_id:36af20087e9843aeac30d91d927a9926
2026-02-28 11:02:20,496	[INFO]	(client.py:162)_bot_login	[botpy] 登录机器人账号中...
2026-02-28 11:02:20,568	[INFO]	(robot.py:65)update_access_token	[botpy] access_token expires_in 7025
2026-02-28 11:02:20,656	[ERROR]	(http.py:76)_handle_response	[botpy] 接口请求异常，请求连接: https://api.sgroup.qq.com/users/@me, 错误代码: 401, 返回内容: {'message': '接口访问源IP不在白名单', 'code': 11298, 'err_code': 40023002, 'trace_id': '9ee1252183fcc203af2578d8fac1eb69'}, trace_id:9ee1252183fcc203af2578d8fac1eb69
2026-02-28 11:02:25,666	[INFO]	(client.py:162)_bot_login	[botpy] 登录机器人账号中...
2026-02-28 11:02:25,738	[INFO]	(robot.py:65)update_access_token	[botpy] access_token expires_in 7020
2026-02-28 11:02:25,815	[ERROR]	(http.py:76)_handle_response	[botpy] 接口请求异常，请求连接: https://api.sgroup.qq.com/users/@me, 错误代码: 401, 返回内容: {'message': '接口访问源IP不在白名单', 'code': 11298, 'err_code': 40023002, 'trace_id': '7e4923a91967ad8825c66ea254ea0e0d'}, trace_id:7e4923a91967ad8825c66ea254ea0e0d
2026-02-28 11:02:30,826	[INFO]	(client.py:162)_bot_login	[botpy] 登录机器人账号中...
2026-02-28 11:02:30,918	[INFO]	(robot.py:65)update_access_token	[botpy] access_token expires_in 7015
2026-02-28 11:02:30,991	[ERROR]	(http.py:76)_handle_response	[botpy] 接口请求异常，请求连接: https://api.sgroup.qq.com/users/@me, 错误代码: 401, 返回内容: {'message': '接口访问源IP不在白名单', 'code': 11298, 'err_code': 40023002, 'trace_id': '961a12ee768c796c0eed4ed19e724a74'}, trace_id:961a12ee768c796c0eed4ed19e724a74
2026-02-28 11:02:35,997	[INFO]	(client.py:162)_bot_login	[botpy] 登录机器人账号中...
2026-02-28 11:02:36,076	[INFO]	(robot.py:65)update_access_token	[botpy] access_token expires_in 7010
2026-02-28 11:02:36,162	[ERROR]	(http.py:76)_handle_response	[botpy] 接口请求异常，请求连接: https://api.sgroup.qq.com/users/@me, 错误代码: 401, 返回内容: {'message': '接口访问源IP不在白名单', 'code': 11298, 'err_code': 40023002, 'trace_id': 'dd26307f863d7f16df60bb9c6edbeb80'}, trace_id:dd26307f863d7f16df60bb9c6edbeb80
2026-02-28 11:02:41,172	[INFO]	(client.py:162)_bot_login	[botpy] 登录机器人账号中...
2026-02-28 11:02:41,237	[INFO]	(robot.py:65)update_access_token	[botpy] access_token expires_in 7004
2026-02-28 11:02:41,477	[INFO]	(client.py:181)_bot_init	[botpy] 程序启动...
2026-02-28 11:02:41,478	[INFO]	(connection.py:60)multi_run	[botpy] 最大并发连接数: 1, 启动会话数: 1
2026-02-28 11:02:41,478	[INFO]	(client.py:242)bot_connect	[botpy] 会话启动中...
2026-02-28 11:02:41,478	[INFO]	(gateway.py:115)ws_connect	[botpy] 启动中...
2026-02-28 11:02:41,524	[INFO]	(gateway.py:142)ws_identify	[botpy] 鉴权中...
2026-02-28 11:02:41,612	[INFO]	(gateway.py:85)on_message	[botpy] 机器人「nanobot-测试中」启动成功！
2026-02-28 11:02:41,612	[INFO]	(gateway.py:223)_send_heart	[botpy] 心跳维持启动...
